A = 447408
R = 0.510684
b43 195 545
b50 310 544 R
b41 182 257
b40 187 731 R
b39 182 30
b38 310 586
b36 81 794 R
b34 195 668 R
b33 195 630
b37 124 625
b31 25 760 R
b11 386 108 R
b46 187 823
b42 86 114
b12 0 139
b49 310 358
b9 310 506 R
b17 86 72 R
b2 0 113 R
b20 182 0 R
b6 112 384
b1 182 117 R
b30 182 293 R
b22 310 264 R
b44 310 421 R
b35 284 0 R
b3 316 0
b32 43 625 R
b7 0 82
b4 0 760 R
b10 276 76
b13 386 50
b14 386 0
b15 256 30 R
b48 269 213
b21 124 707 R
b16 86 0
b45 187 851 R
b29 182 213
b8 112 534
b19 195 335
b24 195 407 R
b23 195 471 R
b47 129 72 R
b25 75 667 R
b18 249 731
b27 159 335
b5 112 442
b26 0 0 R
b28 0 667 R
